<?xml version="1.0" encoding="UTF-8"?>
<!-- Generated by org.testng.reporters.JUnitReportReporter -->
<testsuite hostname="DESKTOP-36BU1KS" failures="0" tests="2" name="tests.AddProductReviewTest" time="9.643" errors="0" timestamp="09 Mar 2021 16:54:41 GMT" skipped="0">
  <testcase classname="tests.AddProductReviewTest" name="UserCanRegisterSuccssfully" time="3.711"/>
  <testcase classname="tests.AddProductReviewTest" name="adduserAnd_check_UserDetails" time="5.932"/>
</testsuite> <!-- tests.AddProductReviewTest -->
